C51 COMPILER V9.60.0.0   COMMON                                                            05/16/2020 17:58:23 PAGE 1   


C51 COMPILER V9.60.0.0, COMPILATION OF MODULE COMMON
OBJECT MODULE PLACED IN .\Objects\Common.obj
COMPILER INVOKED BY: C:\Keil_v5\C51\BIN\C51.EXE Common\Common.c ROM(COMPACT) OPTIMIZE(8,SPEED) BROWSE INCDIR(.\lib;.\Inc
                    -lude) DEFINE(FOSC_160000) DEBUG OBJECTEXTEND PRINT(.\Listings\Common.lst) OBJECT(.\Objects\Common.obj)

line level    source

   1          /*--------------------------------------------------------------------------------------------------------
             --*/
   2          /*                                                                                                        
             - */
   3          /* Copyright(c) 2016 Nuvoton Technology Corp. All rights reserved.                                        
             - */
   4          /*                                                                                                        
             - */
   5          /*--------------------------------------------------------------------------------------------------------
             --*/
   6          
   7          //********************************************************************************************************
             -***
   8          //  Nuvoton Technoledge Corp. 
   9          //  Website: http://www.nuvoton.com
  10          //  E-Mail : MicroC-8bit@nuvoton.com
  11          //  Date   : Apr/21/2016
  12          //********************************************************************************************************
             -***
  13          
  14          #include "N76E003.h"
  15          #include "Common.h"
  16          //#include "Delay.h"
  17          #include "SFR_Macro.h"
  18          #include "Function_define.h"
  19          
  20          //----------------------------------------------------------------------------------
  21          // UART0 baud rate initial setting 
  22          //----------------------------------------------------------------------------------
  23          void InitialUART0_Timer1(UINT32 u32Baudrate)    //T1M = 1, SMOD = 1
  24          {
  25   1                      P06_Quasi_Mode;         //Setting UART pin as Quasi mode for transmit
  26   1                      P07_Quasi_Mode;         //Setting UART pin as Quasi mode for transmit
  27   1              
  28   1          SCON = 0x50;        //UART0 Mode1,REN=1,TI=1
  29   1          TMOD |= 0x20;       //Timer1 Mode1
  30   1          
  31   1          set_SMOD;           //UART0 Double Rate Enable
  32   1          set_T1M;
  33   1          clr_BRCK;           //Serial port 0 baud rate clock source = Timer1
  34   1       
  35   1      #ifdef FOSC_160000
  36   1          TH1 = 256 - (1000000/u32Baudrate+1);               /*16 MHz */
  37   1      #endif          
  38   1      #ifdef FOSC_166000
                  TH1 = 256 - (1037500/u32Baudrate);                       /*16.6 MHz */
              #endif
  41   1          set_TR1;
  42   1                      set_TI;                                         //For printf function must setting TI = 1
  43   1      }
  44          //---------------------------------------------------------------
  45          void InitialUART0_Timer3(UINT32 u32Baudrate) //use timer3 as Baudrate generator
  46          {
  47   1              P06_Quasi_Mode;         //Setting UART pin as Quasi mode for transmit
C51 COMPILER V9.60.0.0   COMMON                                                            05/16/2020 17:58:23 PAGE 2   

  48   1              P07_Quasi_Mode;         //Setting UART pin as Quasi mode for transmit   
  49   1          SCON = 0x50;     //UART0 Mode1,REN=1,TI=1
  50   1              clr_UART0PX;
  51   1          set_SMOD;        //UART0 Double Rate Enable
  52   1          T3CON &= 0xF8;   //T3PS2=0,T3PS1=0,T3PS0=0(Prescale=1)
  53   1          set_BRCK;        //UART0 baud rate clock source = Timer3
  54   1      #ifdef FOSC_160000
  55   1              RH3    = HIBYTE(65536 - (1000000/u32Baudrate)-1);               /*16 MHz */
  56   1              RL3    = LOBYTE(65536 - (1000000/u32Baudrate)-1);                       /*16 MHz */
  57   1      #endif
  58   1      #ifdef FOSC_166000
                  RH3    = HIBYTE(65536 - (1037500/u32Baudrate));                     /*16.6 MHz */
                  RL3    = LOBYTE(65536 - (1037500/u32Baudrate));                     /*16.6 MHz */
              #endif
  62   1          set_TR3;         //Trigger Timer3
  63   1              //set_TI;                                        //For printf function must setting TI = 1
  64   1      }
  65          
  66          UINT8 fnN76E003UARTRead(void)
  67          {
  68   1          UINT8 c;
  69   1          while (!RI);
  70   1          c = SBUF;
  71   1          RI = 0;
  72   1          return (c);
  73   1      }
  74          
  75          void fnN76E003UARTWrite (UINT8 c)
  76          {
  77   1          TI = 0;
  78   1          SBUF = c;
  79   1          while(TI==0);
  80   1      }
  81          
  82          
  83          //----------------------------------------------------------------------------------
  84          // UART1 baud rate initial setting 
  85          //----------------------------------------------------------------------------------
  86          void InitialUART1_Timer3(UINT32 u32Baudrate) //use timer3 as Baudrate generator
  87          {
  88   1                      P02_Quasi_Mode;         //Setting UART pin as Quasi mode for transmit
  89   1                      P16_Quasi_Mode;         //Setting UART pin as Quasi mode for transmit
  90   1              
  91   1                SCON_1 = 0x50;        //UART1 Mode1,REN_1=1,TI_1=1
  92   1          T3CON = 0x08;       //T3PS2=0,T3PS1=0,T3PS0=0(Prescale=1), UART1 in MODE 1
  93   1                      clr_BRCK;
  94   1              
  95   1      #ifdef FOSC_160000
  96   1                      RH3    = HIBYTE(65536 - (1000000/u32Baudrate)-1);               /*16 MHz */
  97   1                      RL3    = LOBYTE(65536 - (1000000/u32Baudrate)-1);                       /*16 MHz */
  98   1      #endif
  99   1      #ifdef FOSC_166000
                              RH3    = HIBYTE(65536 - (1037500/u32Baudrate));                         /*16.6 MHz */
                              RL3    = LOBYTE(65536 - (1037500/u32Baudrate));                         /*16.6 MHz */
              #endif
 103   1          set_TR3;         //Trigger Timer3
 104   1      }
 105          
 106          
 107          /*==========================================================================*/
 108          #ifdef SW_Reset
              void SW_Reset(void)
C51 COMPILER V9.60.0.0   COMMON                                                            05/16/2020 17:58:23 PAGE 3   

              {
                  TA = 0xAA;
                  TA = 0x55;
                  set_SWRST;
              }
              #endif
 116          /*==========================================================================*/


MODULE INFORMATION:   STATIC OVERLAYABLE
   CODE SIZE        =    279    ----
   CONSTANT SIZE    =   ----    ----
   XDATA SIZE       =   ----    ----
   PDATA SIZE       =   ----    ----
   DATA SIZE        =   ----       8
   IDATA SIZE       =   ----    ----
   BIT SIZE         =   ----    ----
END OF MODULE INFORMATION.


C51 COMPILATION COMPLETE.  0 WARNING(S),  0 ERROR(S)
