C51 COMPILER V9.60.0.0   DEF8051DS1307                                                     05/16/2020 17:58:24 PAGE 1   


C51 COMPILER V9.60.0.0, COMPILATION OF MODULE DEF8051DS1307
OBJECT MODULE PLACED IN .\Objects\def8051DS1307.obj
COMPILER INVOKED BY: C:\Keil_v5\C51\BIN\C51.EXE lib\def8051DS1307.c ROM(COMPACT) OPTIMIZE(8,SPEED) BROWSE INCDIR(.\lib;.
                    -\Include) DEFINE(FOSC_160000) DEBUG OBJECTEXTEND PRINT(.\Listings\def8051DS1307.lst) OBJECT(.\Objects\def8051DS1307.obj)

line level    source

   1          #include "def8051DS1307.h"
   2          #include "def8051SoftI2c.h"
   3          
   4          void fn8051DS1307Out_1Hz(){
   5   1              fn8051I2CStart(); /* Start i2c bus */
   6   1              fn8051I2CWrite(0xD0); /* Connect to DS1307 */
   7   1              fn8051I2CWrite(0x07);   //vi tri con tro RTC
   8   1              fn8051I2CWrite(0x10);
   9   1              fn8051I2CStop();
  10   1      }
  11          unsigned char fn8051DS1307Readdata(unsigned char addr){
  12   1              unsigned int temp,ret;
  13   1              fn8051I2CStart();               /* Start i2c bus */
  14   1              fn8051I2CWrite(0xD0);   /* Connect to DS1307 */
  15   1              fn8051I2CWrite(addr);   /* Request RAM address on DS1307 */
  16   1              fn8051I2CStart();               /* Start i2c bus */
  17   1              fn8051I2CWrite(0XD1);   /* Connect to DS1307 for Read */
  18   1              ret = fn8051I2CRead();  /* Receive data */
  19   1              fn8051I2CStop();
  20   1              //**********************************************************
  21   1              temp = ret;                                                     /*BCD to HEX*/
  22   1              ret = (((ret/16)*10)+ (temp & 0x0f));   /*for Led 7seg*/
  23   1              //**********************************************************
  24   1              return ret;
  25   1      }
  26          void fn8051DS1307Writedata(unsigned char addr,unsigned char dat){
  27   1              unsigned int temp;
  28   1              //********************************************** 
  29   1              temp = dat ;                                            /*HEX to BCD*/
  30   1              dat = (((dat/10)*16)|(temp %10));       /*for Led 7seg*/
  31   1              //**********************************************
  32   1              fn8051I2CStart()
  33   1      ;               /* Start i2c bus */
  34   1              fn8051I2CWrite(0XD0);   /* Connect to DS1307 */
  35   1              fn8051I2CWrite(addr);   /* Request RAM address on DS1307 */
  36   1              fn8051I2CWrite(dat);    /* Connect to DS1307 for Read */
  37   1              fn8051I2CStop();
  38   1      }
  39          
  40          


MODULE INFORMATION:   STATIC OVERLAYABLE
   CODE SIZE        =    140    ----
   CONSTANT SIZE    =   ----    ----
   XDATA SIZE       =   ----    ----
   PDATA SIZE       =   ----    ----
   DATA SIZE        =   ----       5
   IDATA SIZE       =   ----    ----
   BIT SIZE         =   ----    ----
END OF MODULE INFORMATION.


C51 COMPILATION COMPLETE.  0 WARNING(S),  0 ERROR(S)
